[0530/173452:ERROR:proxy_service_factory.cc(105)] Cannot use V8 Proxy resolver in single process mode.
[0530/173452:ERROR:command_buffer_proxy_impl.cc(156)] Failed to initialize command buffer service.
[0530/173452:ERROR:webgraphicscontext3d_command_buffer_impl.cc(394)] CommandBufferProxy::Initialize failed.
[0530/173452:ERROR:webgraphicscontext3d_command_buffer_impl.cc(413)] Failed to initialize command buffer.
[0530/173452:ERROR:command_buffer_proxy_impl.cc(156)] Failed to initialize command buffer service.
[0530/173452:ERROR:webgraphicscontext3d_command_buffer_impl.cc(394)] CommandBufferProxy::Initialize failed.
[0530/173452:ERROR:webgraphicscontext3d_command_buffer_impl.cc(413)] Failed to initialize command buffer.
[0530/173452:ERROR:command_buffer_proxy_impl.cc(156)] Failed to initialize command buffer service.
[0530/173452:ERROR:webgraphicscontext3d_command_buffer_impl.cc(394)] CommandBufferProxy::Initialize failed.
[0530/173452:ERROR:webgraphicscontext3d_command_buffer_impl.cc(413)] Failed to initialize command buffer.
[0530/173452:ERROR:command_buffer_proxy_impl.cc(156)] Failed to initialize command buffer service.
[0530/173452:ERROR:webgraphicscontext3d_command_buffer_impl.cc(394)] CommandBufferProxy::Initialize failed.
[0530/173452:ERROR:webgraphicscontext3d_command_buffer_impl.cc(413)] Failed to initialize command buffer.
[0530/173452:ERROR:command_buffer_proxy_impl.cc(156)] Failed to initialize command buffer service.
[0530/173452:ERROR:webgraphicscontext3d_command_buffer_impl.cc(394)] CommandBufferProxy::Initialize failed.
[0530/173452:ERROR:webgraphicscontext3d_command_buffer_impl.cc(413)] Failed to initialize command buffer.
[0530/173452:ERROR:command_buffer_proxy_impl.cc(156)] Failed to initialize command buffer service.
[0530/173452:ERROR:webgraphicscontext3d_command_buffer_impl.cc(394)] CommandBufferProxy::Initialize failed.
[0530/173452:ERROR:webgraphicscontext3d_command_buffer_impl.cc(413)] Failed to initialize command buffer.
[0530/173452:ERROR:command_buffer_proxy_impl.cc(156)] Failed to initialize command buffer service.
[0530/173452:ERROR:webgraphicscontext3d_command_buffer_impl.cc(394)] CommandBufferProxy::Initialize failed.
[0530/173452:ERROR:webgraphicscontext3d_command_buffer_impl.cc(413)] Failed to initialize command buffer.
[0530/173452:ERROR:command_buffer_proxy_impl.cc(156)] Failed to initialize command buffer service.
[0530/173452:ERROR:webgraphicscontext3d_command_buffer_impl.cc(394)] CommandBufferProxy::Initialize failed.
[0530/173452:ERROR:webgraphicscontext3d_command_buffer_impl.cc(413)] Failed to initialize command buffer.
[0530/173454:ERROR:ipc_channel_win.cc(132)] pipe error: 109
